<?xml version="1.0" encoding="UTF-8"?>
<testsuite xmlns:xsi="http://www.w3.org/2001/XMLSchema-instance" xsi:noNamespaceSchemaLocation="https://maven.apache.org/surefire/maven-surefire-plugin/xsd/surefire-test-report-3.0.xsd" version="3.0" name="petstore.UpdatePetTest" time="5.609" tests="3" errors="3" skipped="0" failures="0">
  <properties>
    <property name="sun.desktop" value="windows"/>
    <property name="awt.toolkit" value="sun.awt.windows.WToolkit"/>
    <property name="file.encoding.pkg" value="sun.io"/>
    <property name="java.specification.version" value="1.8"/>
    <property name="sun.cpu.isalist" value="amd64"/>
    <property name="sun.jnu.encoding" value="Cp1254"/>
    <property name="java.class.path" value="C:\Users\testinium\Desktop\cucumberRestAssured - Kopya\ets-java-rest-api\target\test-classes;C:\Users\testinium\Desktop\cucumberRestAssured - Kopya\ets-java-rest-api\target\classes;C:\Users\testinium\.m2\repository\io\rest-assured\rest-assured\3.3.0\rest-assured-3.3.0.jar;C:\Users\testinium\.m2\repository\org\codehaus\groovy\groovy\2.4.15\groovy-2.4.15.jar;C:\Users\testinium\.m2\repository\org\codehaus\groovy\groovy-xml\2.4.15\groovy-xml-2.4.15.jar;C:\Users\testinium\.m2\repository\org\apache\httpcomponents\httpclient\4.5.3\httpclient-4.5.3.jar;C:\Users\testinium\.m2\repository\org\apache\httpcomponents\httpcore\4.4.6\httpcore-4.4.6.jar;C:\Users\testinium\.m2\repository\commons-logging\commons-logging\1.2\commons-logging-1.2.jar;C:\Users\testinium\.m2\repository\commons-codec\commons-codec\1.9\commons-codec-1.9.jar;C:\Users\testinium\.m2\repository\org\apache\httpcomponents\httpmime\4.5.3\httpmime-4.5.3.jar;C:\Users\testinium\.m2\repository\org\hamcrest\hamcrest-core\1.3\hamcrest-core-1.3.jar;C:\Users\testinium\.m2\repository\org\hamcrest\hamcrest-library\1.3\hamcrest-library-1.3.jar;C:\Users\testinium\.m2\repository\org\ccil\cowan\tagsoup\tagsoup\1.2.1\tagsoup-1.2.1.jar;C:\Users\testinium\.m2\repository\io\rest-assured\json-path\3.3.0\json-path-3.3.0.jar;C:\Users\testinium\.m2\repository\org\codehaus\groovy\groovy-json\2.4.15\groovy-json-2.4.15.jar;C:\Users\testinium\.m2\repository\io\rest-assured\rest-assured-common\3.3.0\rest-assured-common-3.3.0.jar;C:\Users\testinium\.m2\repository\io\rest-assured\xml-path\3.3.0\xml-path-3.3.0.jar;C:\Users\testinium\.m2\repository\org\apache\commons\commons-lang3\3.4\commons-lang3-3.4.jar;C:\Users\testinium\.m2\repository\javax\xml\bind\jaxb-api\2.2.12\jaxb-api-2.2.12.jar;C:\Users\testinium\.m2\repository\com\sun\xml\bind\jaxb-osgi\2.2.10\jaxb-osgi-2.2.10.jar;C:\Users\testinium\.m2\repository\org\apache\sling\org.apache.sling.javax.activation\0.1.0\org.apache.sling.javax.activation-0.1.0.jar;C:\Users\testinium\.m2\repository\javax\activation\activation\1.1.1\activation-1.1.1.jar;C:\Users\testinium\.m2\repository\io\qameta\allure\allure-junit5\2.13.5\allure-junit5-2.13.5.jar;C:\Users\testinium\.m2\repository\io\qameta\allure\allure-junit-platform\2.13.5\allure-junit-platform-2.13.5.jar;C:\Users\testinium\.m2\repository\io\qameta\allure\allure-java-commons\2.13.5\allure-java-commons-2.13.5.jar;C:\Users\testinium\.m2\repository\io\qameta\allure\allure-model\2.13.5\allure-model-2.13.5.jar;C:\Users\testinium\.m2\repository\com\fasterxml\jackson\core\jackson-databind\2.9.8\jackson-databind-2.9.8.jar;C:\Users\testinium\.m2\repository\com\fasterxml\jackson\core\jackson-annotations\2.9.0\jackson-annotations-2.9.0.jar;C:\Users\testinium\.m2\repository\com\fasterxml\jackson\core\jackson-core\2.9.8\jackson-core-2.9.8.jar;C:\Users\testinium\.m2\repository\org\apache\tika\tika-core\1.20\tika-core-1.20.jar;C:\Users\testinium\.m2\repository\org\jooq\joor-java-8\0.9.10\joor-java-8-0.9.10.jar;C:\Users\testinium\.m2\repository\org\projectlombok\lombok\1.18.10\lombok-1.18.10.jar;C:\Users\testinium\.m2\repository\com\typesafe\config\1.4.1\config-1.4.1.jar;C:\Users\testinium\.m2\repository\org\slf4j\slf4j-simple\1.6.1\slf4j-simple-1.6.1.jar;C:\Users\testinium\.m2\repository\org\slf4j\slf4j-api\1.6.1\slf4j-api-1.6.1.jar;C:\Users\testinium\.m2\repository\org\aspectj\aspectjweaver\1.9.6\aspectjweaver-1.9.6.jar;C:\Users\testinium\.m2\repository\org\junit\jupiter\junit-jupiter-api\5.2.0\junit-jupiter-api-5.2.0.jar;C:\Users\testinium\.m2\repository\org\apiguardian\apiguardian-api\1.0.0\apiguardian-api-1.0.0.jar;C:\Users\testinium\.m2\repository\org\opentest4j\opentest4j\1.1.0\opentest4j-1.1.0.jar;C:\Users\testinium\.m2\repository\org\junit\platform\junit-platform-commons\1.2.0\junit-platform-commons-1.2.0.jar;C:\Users\testinium\.m2\repository\org\junit\jupiter\junit-jupiter-engine\5.2.0\junit-jupiter-engine-5.2.0.jar;C:\Users\testinium\.m2\repository\org\junit\platform\junit-platform-engine\1.2.0\junit-platform-engine-1.2.0.jar;C:\Users\testinium\.m2\repository\org\junit\platform\junit-platform-launcher\1.4.0\junit-platform-launcher-1.4.0.jar;C:\Users\testinium\.m2\repository\io\qameta\allure\allure-rest-assured\2.13.5\allure-rest-assured-2.13.5.jar;C:\Users\testinium\.m2\repository\io\qameta\allure\allure-attachments\2.13.5\allure-attachments-2.13.5.jar;C:\Users\testinium\.m2\repository\org\freemarker\freemarker\2.3.28\freemarker-2.3.28.jar;"/>
    <property name="java.vm.vendor" value="Amazon.com Inc."/>
    <property name="sun.arch.data.model" value="64"/>
    <property name="user.variant" value=""/>
    <property name="java.vendor.url" value="https://aws.amazon.com/corretto/"/>
    <property name="user.timezone" value="Asia/Istanbul"/>
    <property name="java.vm.specification.version" value="1.8"/>
    <property name="os.name" value="Windows 10"/>
    <property name="user.country" value="TR"/>
    <property name="sun.java.launcher" value="SUN_STANDARD"/>
    <property name="sun.boot.library.path" value="C:\Users\testinium\.jdks\corretto-1.8.0_312\jre\bin"/>
    <property name="sun.java.command" value="C:\Users\testinium\AppData\Local\Temp\surefire7908846569983310648\surefirebooter7993293058266612038.jar C:\Users\testinium\AppData\Local\Temp\surefire7908846569983310648 2022-03-10T00-40-45_489-jvmRun1 surefire7799254304091898765tmp surefire_09104065534705509350tmp"/>
    <property name="surefire.test.class.path" value="C:\Users\testinium\Desktop\cucumberRestAssured - Kopya\ets-java-rest-api\target\test-classes;C:\Users\testinium\Desktop\cucumberRestAssured - Kopya\ets-java-rest-api\target\classes;C:\Users\testinium\.m2\repository\io\rest-assured\rest-assured\3.3.0\rest-assured-3.3.0.jar;C:\Users\testinium\.m2\repository\org\codehaus\groovy\groovy\2.4.15\groovy-2.4.15.jar;C:\Users\testinium\.m2\repository\org\codehaus\groovy\groovy-xml\2.4.15\groovy-xml-2.4.15.jar;C:\Users\testinium\.m2\repository\org\apache\httpcomponents\httpclient\4.5.3\httpclient-4.5.3.jar;C:\Users\testinium\.m2\repository\org\apache\httpcomponents\httpcore\4.4.6\httpcore-4.4.6.jar;C:\Users\testinium\.m2\repository\commons-logging\commons-logging\1.2\commons-logging-1.2.jar;C:\Users\testinium\.m2\repository\commons-codec\commons-codec\1.9\commons-codec-1.9.jar;C:\Users\testinium\.m2\repository\org\apache\httpcomponents\httpmime\4.5.3\httpmime-4.5.3.jar;C:\Users\testinium\.m2\repository\org\hamcrest\hamcrest-core\1.3\hamcrest-core-1.3.jar;C:\Users\testinium\.m2\repository\org\hamcrest\hamcrest-library\1.3\hamcrest-library-1.3.jar;C:\Users\testinium\.m2\repository\org\ccil\cowan\tagsoup\tagsoup\1.2.1\tagsoup-1.2.1.jar;C:\Users\testinium\.m2\repository\io\rest-assured\json-path\3.3.0\json-path-3.3.0.jar;C:\Users\testinium\.m2\repository\org\codehaus\groovy\groovy-json\2.4.15\groovy-json-2.4.15.jar;C:\Users\testinium\.m2\repository\io\rest-assured\rest-assured-common\3.3.0\rest-assured-common-3.3.0.jar;C:\Users\testinium\.m2\repository\io\rest-assured\xml-path\3.3.0\xml-path-3.3.0.jar;C:\Users\testinium\.m2\repository\org\apache\commons\commons-lang3\3.4\commons-lang3-3.4.jar;C:\Users\testinium\.m2\repository\javax\xml\bind\jaxb-api\2.2.12\jaxb-api-2.2.12.jar;C:\Users\testinium\.m2\repository\com\sun\xml\bind\jaxb-osgi\2.2.10\jaxb-osgi-2.2.10.jar;C:\Users\testinium\.m2\repository\org\apache\sling\org.apache.sling.javax.activation\0.1.0\org.apache.sling.javax.activation-0.1.0.jar;C:\Users\testinium\.m2\repository\javax\activation\activation\1.1.1\activation-1.1.1.jar;C:\Users\testinium\.m2\repository\io\qameta\allure\allure-junit5\2.13.5\allure-junit5-2.13.5.jar;C:\Users\testinium\.m2\repository\io\qameta\allure\allure-junit-platform\2.13.5\allure-junit-platform-2.13.5.jar;C:\Users\testinium\.m2\repository\io\qameta\allure\allure-java-commons\2.13.5\allure-java-commons-2.13.5.jar;C:\Users\testinium\.m2\repository\io\qameta\allure\allure-model\2.13.5\allure-model-2.13.5.jar;C:\Users\testinium\.m2\repository\com\fasterxml\jackson\core\jackson-databind\2.9.8\jackson-databind-2.9.8.jar;C:\Users\testinium\.m2\repository\com\fasterxml\jackson\core\jackson-annotations\2.9.0\jackson-annotations-2.9.0.jar;C:\Users\testinium\.m2\repository\com\fasterxml\jackson\core\jackson-core\2.9.8\jackson-core-2.9.8.jar;C:\Users\testinium\.m2\repository\org\apache\tika\tika-core\1.20\tika-core-1.20.jar;C:\Users\testinium\.m2\repository\org\jooq\joor-java-8\0.9.10\joor-java-8-0.9.10.jar;C:\Users\testinium\.m2\repository\org\projectlombok\lombok\1.18.10\lombok-1.18.10.jar;C:\Users\testinium\.m2\repository\com\typesafe\config\1.4.1\config-1.4.1.jar;C:\Users\testinium\.m2\repository\org\slf4j\slf4j-simple\1.6.1\slf4j-simple-1.6.1.jar;C:\Users\testinium\.m2\repository\org\slf4j\slf4j-api\1.6.1\slf4j-api-1.6.1.jar;C:\Users\testinium\.m2\repository\org\aspectj\aspectjweaver\1.9.6\aspectjweaver-1.9.6.jar;C:\Users\testinium\.m2\repository\org\junit\jupiter\junit-jupiter-api\5.2.0\junit-jupiter-api-5.2.0.jar;C:\Users\testinium\.m2\repository\org\apiguardian\apiguardian-api\1.0.0\apiguardian-api-1.0.0.jar;C:\Users\testinium\.m2\repository\org\opentest4j\opentest4j\1.1.0\opentest4j-1.1.0.jar;C:\Users\testinium\.m2\repository\org\junit\platform\junit-platform-commons\1.2.0\junit-platform-commons-1.2.0.jar;C:\Users\testinium\.m2\repository\org\junit\jupiter\junit-jupiter-engine\5.2.0\junit-jupiter-engine-5.2.0.jar;C:\Users\testinium\.m2\repository\org\junit\platform\junit-platform-engine\1.2.0\junit-platform-engine-1.2.0.jar;C:\Users\testinium\.m2\repository\org\junit\platform\junit-platform-launcher\1.4.0\junit-platform-launcher-1.4.0.jar;C:\Users\testinium\.m2\repository\io\qameta\allure\allure-rest-assured\2.13.5\allure-rest-assured-2.13.5.jar;C:\Users\testinium\.m2\repository\io\qameta\allure\allure-attachments\2.13.5\allure-attachments-2.13.5.jar;C:\Users\testinium\.m2\repository\org\freemarker\freemarker\2.3.28\freemarker-2.3.28.jar;"/>
    <property name="sun.cpu.endian" value="little"/>
    <property name="user.home" value="C:\Users\testinium"/>
    <property name="user.language" value="tr"/>
    <property name="java.specification.vendor" value="Oracle Corporation"/>
    <property name="java.home" value="C:\Users\testinium\.jdks\corretto-1.8.0_312\jre"/>
    <property name="basedir" value="C:\Users\testinium\Desktop\cucumberRestAssured - Kopya\ets-java-rest-api"/>
    <property name="file.separator" value="\"/>
    <property name="line.separator" value="&#10;"/>
    <property name="java.vm.specification.vendor" value="Oracle Corporation"/>
    <property name="java.specification.name" value="Java Platform API Specification"/>
    <property name="java.awt.graphicsenv" value="sun.awt.Win32GraphicsEnvironment"/>
    <property name="surefire.real.class.path" value="C:\Users\testinium\AppData\Local\Temp\surefire7908846569983310648\surefirebooter7993293058266612038.jar"/>
    <property name="sun.boot.class.path" value="C:\Users\testinium\.jdks\corretto-1.8.0_312\jre\lib\resources.jar;C:\Users\testinium\.jdks\corretto-1.8.0_312\jre\lib\rt.jar;C:\Users\testinium\.jdks\corretto-1.8.0_312\jre\lib\sunrsasign.jar;C:\Users\testinium\.jdks\corretto-1.8.0_312\jre\lib\jsse.jar;C:\Users\testinium\.jdks\corretto-1.8.0_312\jre\lib\jce.jar;C:\Users\testinium\.jdks\corretto-1.8.0_312\jre\lib\charsets.jar;C:\Users\testinium\.jdks\corretto-1.8.0_312\jre\lib\jfr.jar;C:\Users\testinium\.jdks\corretto-1.8.0_312\jre\classes"/>
    <property name="user.script" value=""/>
    <property name="sun.management.compiler" value="HotSpot 64-Bit Tiered Compilers"/>
    <property name="java.runtime.version" value="1.8.0_312-b07"/>
    <property name="user.name" value="testinium"/>
    <property name="path.separator" value=";"/>
    <property name="os.version" value="10.0"/>
    <property name="java.endorsed.dirs" value="C:\Users\testinium\.jdks\corretto-1.8.0_312\jre\lib\endorsed"/>
    <property name="java.runtime.name" value="OpenJDK Runtime Environment"/>
    <property name="file.encoding" value="Cp1254"/>
    <property name="java.vm.name" value="OpenJDK 64-Bit Server VM"/>
    <property name="localRepository" value="C:\Users\testinium\.m2\repository"/>
    <property name="java.vendor.url.bug" value="https://github.com/corretto/corretto-8/issues/"/>
    <property name="java.io.tmpdir" value="C:\Users\TESTIN~1\AppData\Local\Temp\"/>
    <property name="idea.version" value="2021.3"/>
    <property name="java.version" value="1.8.0_312"/>
    <property name="user.dir" value="C:\Users\testinium\Desktop\cucumberRestAssured - Kopya\ets-java-rest-api"/>
    <property name="os.arch" value="amd64"/>
    <property name="java.vm.specification.name" value="Java Virtual Machine Specification"/>
    <property name="java.awt.printerjob" value="sun.awt.windows.WPrinterJob"/>
    <property name="sun.os.patch.level" value=""/>
    <property name="java.library.path" value="C:\Users\testinium\.jdks\corretto-1.8.0_312\jre\bin;C:\WINDOWS\Sun\Java\bin;C:\WINDOWS\system32;C:\WINDOWS;C:\Program Files\Amazon Corretto\jdk1.8.0_322\bin;C:\Python310\Scripts\;C:\Python310\;C:\WINDOWS\system32;C:\WINDOWS;C:\WINDOWS\System32\Wbem;C:\WINDOWS\System32\WindowsPowerShell\v1.0\;C:\WINDOWS\System32\OpenSSH\;C:\Program Files (x86)\dotnet\;C:\Program Files\nodejs\;C:\ProgramData\chocolatey\bin;C:\Program Files\Git\cmd;C:\Program Files\Gauge\bin;C:\Program Files\Amazon Corretto\jdk1.8.0_322\bin;&quot;C:\Program Files\apache-maven-3.8.4\bin;&quot;;&quot;C:\ffmpeg-snapshot\ffmpeg;&quot;;C:\Users\testinium\AppData\Local\Programs\Python\Python37-32\Scripts\;C:\Users\testinium\AppData\Local\Programs\Python\Python37-32\;C:\Users\testinium\AppData\Local\Microsoft\WindowsApps;C:\Users\testinium\.dotnet\tools;C:\Users\testinium\AppData\Local\Programs\Microsoft VS Code\bin;C:\Program Files\JetBrains\PyCharm Community Edition 2021.3\bin;;C:\Users\testinium\AppData\Roaming\npm;C:\Program Files\JetBrains\IntelliJ IDEA Community Edition 2021.3\bin;;C:\Program Files\apache-maven-3.8.4\bin;C:\Users\testinium\AppData\Local\Android\Sdk\platform-tools;C:\Users\testinium\AppData\Local\Android\Sdk\tools;C:\Users\testinium\AppData\Local\GitHubDesktop\bin;."/>
    <property name="java.vm.info" value="mixed mode"/>
    <property name="java.vendor" value="Amazon.com Inc."/>
    <property name="java.vm.version" value="25.312-b07"/>
    <property name="java.ext.dirs" value="C:\Users\testinium\.jdks\corretto-1.8.0_312\jre\lib\ext;C:\WINDOWS\Sun\Java\lib\ext"/>
    <property name="sun.io.unicode.encoding" value="UnicodeLittle"/>
    <property name="java.class.version" value="52.0"/>
  </properties>
  <testcase name="putIncorrectJson" classname="petstore.UpdatePetTest" time="0.785">
    <error type="io.restassured.internal.http.HttpResponseException"><![CDATA[io.restassured.internal.http.HttpResponseException: Bad Request
	at petstore.UpdatePetTest.putIncorrectJson(UpdatePetTest.java:45)
]]></error>
    <system-out><![CDATA[Request method:	PUT
Request URI:	https://petstore.swagger.io/v2/pet/
Proxy:			<none>
Request params:	<none>
Query params:	<none>
Form params:	<none>
Path params:	<none>
Headers:		api_key=00000
				Accept=*/*
				Content-Type=application/json; charset=UTF-8
Cookies:		<none>
Multiparts:		<none>
Body:
{ "id": IncorrectValue}
]]></system-out>
  </testcase>
  <testcase name="updateFullDataPet" classname="petstore.UpdatePetTest" time="3.171">
    <error type="io.restassured.internal.http.HttpResponseException"><![CDATA[io.restassured.internal.http.HttpResponseException: Not Found
	at petstore.UpdatePetTest.updateFullDataPet(UpdatePetTest.java:31)
]]></error>
    <system-out><![CDATA[Request method:	POST
Request URI:	https://petstore.swagger.io/v2/pet/
Proxy:			<none>
Request params:	<none>
Query params:	<none>
Form params:	<none>
Path params:	<none>
Headers:		api_key=00000
				Accept=*/*
				Content-Type=application/json; charset=UTF-8
Cookies:		<none>
Multiparts:		<none>
Body:
{
    "id": 12396,
    "category": {
        "id": 12899,
        "name": "cXFeghk"
    },
    "name": "aBfHzDH",
    "photoUrls": [
        "WwAgxyG",
        "fQldwCe"
    ],
    "tags": [
        {
            "id": 15004,
            "name": "MpYNeqU"
        },
        {
            "id": 10680,
            "name": "xLSTWiD"
        }
    ],
    "status": "available"
}
Request method:	PUT
Request URI:	https://petstore.swagger.io/v2/pet/
Proxy:			<none>
Request params:	<none>
Query params:	<none>
Form params:	<none>
Path params:	<none>
Headers:		api_key=00000
				Accept=*/*
				Content-Type=application/json; charset=UTF-8
Cookies:		<none>
Multiparts:		<none>
Body:
{
    "id": 12396,
    "category": {
        "id": 12899,
        "name": "cXFeghk"
    },
    "name": "hey",
    "photoUrls": [
        "WwAgxyG",
        "fQldwCe"
    ],
    "tags": [
        {
            "id": 15004,
            "name": "MpYNeqU"
        },
        {
            "id": 10680,
            "name": "xLSTWiD"
        }
    ],
    "status": "available"
}
Request method:	GET
Request URI:	https://petstore.swagger.io/v2/pet/12396
Proxy:			<none>
Request params:	<none>
Query params:	<none>
Form params:	<none>
Path params:	<none>
Headers:		api_key=00000
				Accept=*/*
				Content-Type=application/json; charset=UTF-8
Cookies:		<none>
Multiparts:		<none>
Body:			<none>
Request method:	GET
Request URI:	https://petstore.swagger.io/v2/pet/12396
Proxy:			<none>
Request params:	<none>
Query params:	<none>
Form params:	<none>
Path params:	<none>
Headers:		api_key=00000
				Accept=*/*
				Content-Type=application/json; charset=UTF-8
Cookies:		<none>
Multiparts:		<none>
Body:			<none>
]]></system-out>
  </testcase>
  <testcase name="putNewPet" classname="petstore.UpdatePetTest" time="1.638">
    <error type="io.restassured.internal.http.HttpResponseException"><![CDATA[io.restassured.internal.http.HttpResponseException: Not Found
	at petstore.UpdatePetTest.putNewPet(UpdatePetTest.java:38)
]]></error>
    <system-out><![CDATA[Request method:	PUT
Request URI:	https://petstore.swagger.io/v2/pet/
Proxy:			<none>
Request params:	<none>
Query params:	<none>
Form params:	<none>
Path params:	<none>
Headers:		api_key=00000
				Accept=*/*
				Content-Type=application/json; charset=UTF-8
Cookies:		<none>
Multiparts:		<none>
Body:
{
    "id": 14347,
    "category": {
        "id": 7436,
        "name": "CweBXtp"
    },
    "name": "UFuZZmk",
    "photoUrls": [
        "CPprOht",
        "pZcUVUY"
    ],
    "tags": [
        {
            "id": 28605,
            "name": "HdtJLPW"
        },
        {
            "id": 24829,
            "name": "HxAHHUt"
        }
    ],
    "status": "available"
}
Request method:	GET
Request URI:	https://petstore.swagger.io/v2/pet/14347
Proxy:			<none>
Request params:	<none>
Query params:	<none>
Form params:	<none>
Path params:	<none>
Headers:		api_key=00000
				Accept=*/*
				Content-Type=application/json; charset=UTF-8
Cookies:		<none>
Multiparts:		<none>
Body:			<none>
]]></system-out>
  </testcase>
</testsuite>